# JRE version: Java(TM) SE Runtime Environment (17.0.12+8) (build 17.0.12+8-LTS-286)
# Java VM: Java HotSpot(TM) 64-Bit Server VM (17.0.12+8-LTS-286, mixed mode, sharing, tiered, compressed oops, compressed class ptrs, g1 gc, windows-amd64)
GC Precious Log:
 CPUs: 8 total, 8 available
 Memory: 7739M
 Large Page Support: Disabled
 NUMA Support: Disabled
 Compressed Oops: Enabled (Zero based)
 Heap Region Size: 4M
 Heap Min Capacity: 8M
 Heap Initial Capacity: 124M
 Heap Max Capacity: 8G
 Pre-touch: Disabled
 Parallel Workers: 8
 Concurrent Workers: 2
 Concurrent Refinement Workers: 8
 Periodic GC: Disabled
Heap:
 garbage-first heap   total 1114112K, used 289609K [0x0000000600000000, 0x0000000800000000)
  region size 4096K, 13 young (53248K), 13 survivors (53248K)
 Metaspace       used 149239K, committed 150272K, reserved 1245184K
  class space    used 19193K, committed 19648K, reserved 1048576K
GC Heap History (20 events):
Event: 146.220 GC heap after
{Heap after GC invocations=50 (full 0):
 garbage-first heap   total 442368K, used 182851K [0x0000000600000000, 0x0000000800000000)
  region size 4096K, 6 young (24576K), 6 survivors (24576K)
 Metaspace       used 147036K, committed 148032K, reserved 1179648K
  class space    used 19013K, committed 19456K, reserved 1048576K
}
Event: 146.307 GC heap before
{Heap before GC invocations=50 (full 0):
 garbage-first heap   total 442368K, used 186947K [0x0000000600000000, 0x0000000800000000)
  region size 4096K, 7 young (28672K), 6 survivors (24576K)
 Metaspace       used 147036K, committed 148032K, reserved 1179648K
  class space    used 19013K, committed 19456K, reserved 1048576K
}
Event: 146.454 GC heap after
{Heap after GC invocations=51 (full 0):
 garbage-first heap   total 442368K, used 188045K [0x0000000600000000, 0x0000000800000000)
  region size 4096K, 1 young (4096K), 1 survivors (4096K)
 Metaspace       used 147036K, committed 148032K, reserved 1179648K
  class space    used 19013K, committed 19456K, reserved 1048576K
}
Event: 146.889 GC heap before
{Heap before GC invocations=51 (full 0):
 garbage-first heap   total 442368K, used 204429K [0x0000000600000000, 0x0000000800000000)
  region size 4096K, 5 young (20480K), 1 survivors (4096K)
 Metaspace       used 147057K, committed 148032K, reserved 1179648K
  class space    used 19018K, committed 19456K, reserved 1048576K
}
Event: 146.974 GC heap after
{Heap after GC invocations=52 (full 0):
 garbage-first heap   total 442368K, used 197892K [0x0000000600000000, 0x0000000800000000)
  region size 4096K, 1 young (4096K), 1 survivors (4096K)
 Metaspace       used 147057K, committed 148032K, reserved 1179648K
  class space    used 19018K, committed 19456K, reserved 1048576K
}
Event: 147.525 GC heap before
{Heap before GC invocations=52 (full 0):
 garbage-first heap   total 442368K, used 214276K [0x0000000600000000, 0x0000000800000000)
  region size 4096K, 5 young (20480K), 1 survivors (4096K)
 Metaspace       used 147065K, committed 148032K, reserved 1179648K
  class space    used 19018K, committed 19456K, reserved 1048576K
}
Event: 148.074 GC heap after
{Heap after GC invocations=53 (full 0):
 garbage-first heap   total 1114112K, used 203523K [0x0000000600000000, 0x0000000800000000)
  region size 4096K, 1 young (4096K), 1 survivors (4096K)
 Metaspace       used 147065K, committed 148032K, reserved 1179648K
  class space    used 19018K, committed 19456K, reserved 1048576K
}
Event: 158.093 GC heap before
{Heap before GC invocations=53 (full 0):
 garbage-first heap   total 1114112K, used 252675K [0x0000000600000000, 0x0000000800000000)
  region size 4096K, 13 young (53248K), 1 survivors (4096K)
 Metaspace       used 147192K, committed 148160K, reserved 1179648K
  class space    used 19031K, committed 19456K, reserved 1048576K
}
Event: 158.109 GC heap after
{Heap after GC invocations=54 (full 0):
 garbage-first heap   total 1114112K, used 206485K [0x0000000600000000, 0x0000000800000000)
  region size 4096K, 2 young (8192K), 2 survivors (8192K)
 Metaspace       used 147192K, committed 148160K, reserved 1179648K
  class space    used 19031K, committed 19456K, reserved 1048576K
}
Event: 159.371 GC heap before
{Heap before GC invocations=54 (full 0):
 garbage-first heap   total 1114112K, used 247445K [0x0000000600000000, 0x0000000800000000)
  region size 4096K, 13 young (53248K), 2 survivors (8192K)
 Metaspace       used 147270K, committed 148224K, reserved 1179648K
  class space    used 19036K, committed 19456K, reserved 1048576K
}
Event: 159.386 GC heap after
{Heap after GC invocations=55 (full 0):
 garbage-first heap   total 1114112K, used 211120K [0x0000000600000000, 0x0000000800000000)
  region size 4096K, 2 young (8192K), 2 survivors (8192K)
 Metaspace       used 147270K, committed 148224K, reserved 1179648K
  class space    used 19036K, committed 19456K, reserved 1048576K
}
Event: 160.725 GC heap before
{Heap before GC invocations=55 (full 0):
 garbage-first heap   total 1114112K, used 252080K [0x0000000600000000, 0x0000000800000000)
  region size 4096K, 13 young (53248K), 2 survivors (8192K)
 Metaspace       used 147324K, committed 148224K, reserved 1179648K
  class space    used 19036K, committed 19456K, reserved 1048576K
}
Event: 160.738 GC heap after
{Heap after GC invocations=56 (full 0):
 garbage-first heap   total 1114112K, used 212947K [0x0000000600000000, 0x0000000800000000)
  region size 4096K, 2 young (8192K), 2 survivors (8192K)
 Metaspace       used 147324K, committed 148224K, reserved 1179648K
  class space    used 19036K, committed 19456K, reserved 1048576K
}
Event: 161.227 GC heap before
{Heap before GC invocations=56 (full 0):
 garbage-first heap   total 1114112K, used 258003K [0x0000000600000000, 0x0000000800000000)
  region size 4096K, 13 young (53248K), 2 survivors (8192K)
 Metaspace       used 147410K, committed 148352K, reserved 1179648K
  class space    used 19036K, committed 19456K, reserved 1048576K
}
Event: 161.239 GC heap after
{Heap after GC invocations=57 (full 0):
 garbage-first heap   total 1114112K, used 216305K [0x0000000600000000, 0x0000000800000000)
  region size 4096K, 2 young (8192K), 2 survivors (8192K)
 Metaspace       used 147410K, committed 148352K, reserved 1179648K
  class space    used 19036K, committed 19456K, reserved 1048576K
}
Event: 161.850 GC heap before
{Heap before GC invocations=57 (full 0):
 garbage-first heap   total 1114112K, used 277745K [0x0000000600000000, 0x0000000800000000)
  region size 4096K, 18 young (73728K), 2 survivors (8192K)
 Metaspace       used 147473K, committed 148416K, reserved 1179648K
  class space    used 19036K, committed 19456K, reserved 1048576K
}
Event: 161.870 GC heap after
{Heap after GC invocations=58 (full 0):
 garbage-first heap   total 1114112K, used 221997K [0x0000000600000000, 0x0000000800000000)
  region size 4096K, 3 young (12288K), 3 survivors (12288K)
 Metaspace       used 147473K, committed 148416K, reserved 1179648K
  class space    used 19036K, committed 19456K, reserved 1048576K
}
Event: 163.136 GC heap before
{Heap before GC invocations=58 (full 0):
 garbage-first heap   total 1114112K, used 291629K [0x0000000600000000, 0x0000000800000000)
  region size 4096K, 20 young (81920K), 3 survivors (12288K)
 Metaspace       used 147517K, committed 148416K, reserved 1179648K
  class space    used 19036K, committed 19456K, reserved 1048576K
}
Event: 163.185 GC heap after
{Heap after GC invocations=59 (full 0):
 garbage-first heap   total 1114112K, used 226596K [0x0000000600000000, 0x0000000800000000)
  region size 4096K, 2 young (8192K), 2 survivors (8192K)
 Metaspace       used 147517K, committed 148416K, reserved 1179648K
  class space    used 19036K, committed 19456K, reserved 1048576K
}
Event: 185.798 GC heap before
{Heap before GC invocations=59 (full 0):
 garbage-first heap   total 1114112K, used 640292K [0x0000000600000000, 0x0000000800000000)
  region size 4096K, 97 young (397312K), 2 survivors (8192K)
 Metaspace       used 149239K, committed 150272K, reserved 1245184K
  class space    used 19193K, committed 19648K, reserved 1048576K
}

